This is pdfTeX, Version 3.1415926-2.5-1.40.14 (TeX Live 2013) (format=pdflatex 2013.5.30)  19 APR 2014 09:39
entering extended mode
 restricted \write18 enabled.
 file:line:error style messages enabled.
 %&-line parsing enabled.
**thesis.tex
(./thesis.tex
LaTeX2e <2011/06/27>
Babel <3.9f> and hyphenation patterns for 78 languages loaded.
(./myucthesis.cls
Document Class: myucthesis 2004/12/19 v3.2 University of California Thesis Clas
s HACKED
(./uct12.clo)
\descriptionmargin=\dimen102
\c@part=\count79
\c@chapter=\count80
\c@section=\count81
\c@subsection=\count82
\c@subsubsection=\count83
\c@paragraph=\count84
\c@subparagraph=\count85
\c@figure=\count86
\c@table=\count87
)
(/usr/local/texlive/2013/texmf-dist/tex/latex/geometry/geometry.sty
Package: geometry 2010/09/12 v5.6 Page Geometry

(/usr/local/texlive/2013/texmf-dist/tex/latex/graphics/keyval.sty
Package: keyval 1999/03/16 v1.13 key=value parser (DPC)
\KV@toks@=\toks14
)
(/usr/local/texlive/2013/texmf-dist/tex/generic/oberdiek/ifpdf.sty
Package: ifpdf 2011/01/30 v2.3 Provides the ifpdf switch (HO)
Package ifpdf Info: pdfTeX in PDF mode is detected.
)
(/usr/local/texlive/2013/texmf-dist/tex/generic/oberdiek/ifvtex.sty
Package: ifvtex 2010/03/01 v1.5 Detect VTeX and its facilities (HO)
Package ifvtex Info: VTeX not detected.
)
(/usr/local/texlive/2013/texmf-dist/tex/generic/ifxetex/ifxetex.sty
Package: ifxetex 2010/09/12 v0.6 Provides ifxetex conditional
)
\Gm@cnth=\count88
\Gm@cntv=\count89
\c@Gm@tempcnt=\count90
\Gm@bindingoffset=\dimen103
\Gm@wd@mp=\dimen104
\Gm@odd@mp=\dimen105
\Gm@even@mp=\dimen106
\Gm@layoutwidth=\dimen107
\Gm@layoutheight=\dimen108
\Gm@layouthoffset=\dimen109
\Gm@layoutvoffset=\dimen110
\Gm@dimlist=\toks15
)
(/usr/local/texlive/2013/texmf-dist/tex/latex/fancyhdr/fancyhdr.sty
\fancy@headwidth=\skip41
\f@ncyO@elh=\skip42
\f@ncyO@erh=\skip43
\f@ncyO@olh=\skip44
\f@ncyO@orh=\skip45
\f@ncyO@elf=\skip46
\f@ncyO@erf=\skip47
\f@ncyO@olf=\skip48
\f@ncyO@orf=\skip49
)
(/usr/local/texlive/2013/texmf-dist/tex/latex/natbib/natbib.sty
Package: natbib 2010/09/13 8.31b (PWD, AO)
\bibhang=\skip50
\bibsep=\skip51
LaTeX Info: Redefining \cite on input line 694.
\c@NAT@ctr=\count91
)
(/usr/local/texlive/2013/texmf-dist/tex/latex/base/fontenc.sty
Package: fontenc 2005/09/27 v1.99g Standard LaTeX package

(/usr/local/texlive/2013/texmf-dist/tex/latex/base/t1enc.def
File: t1enc.def 2005/09/27 v1.99g Standard LaTeX file
LaTeX Font Info:    Redeclaring font encoding T1 on input line 43.
))
(/usr/local/texlive/2013/texmf-dist/tex/latex/hyperref/hyperref.sty
Package: hyperref 2012/11/06 v6.83m Hypertext links for LaTeX

(/usr/local/texlive/2013/texmf-dist/tex/generic/oberdiek/hobsub-hyperref.sty
Package: hobsub-hyperref 2012/05/28 v1.13 Bundle oberdiek, subset hyperref (HO)


(/usr/local/texlive/2013/texmf-dist/tex/generic/oberdiek/hobsub-generic.sty
Package: hobsub-generic 2012/05/28 v1.13 Bundle oberdiek, subset generic (HO)
Package: hobsub 2012/05/28 v1.13 Construct package bundles (HO)
Package: infwarerr 2010/04/08 v1.3 Providing info/warning/error messages (HO)
Package: ltxcmds 2011/11/09 v1.22 LaTeX kernel commands for general use (HO)
Package: ifluatex 2010/03/01 v1.3 Provides the ifluatex switch (HO)
Package ifluatex Info: LuaTeX not detected.
Package hobsub Info: Skipping package `ifvtex' (already loaded).
Package: intcalc 2007/09/27 v1.1 Expandable calculations with integers (HO)
Package hobsub Info: Skipping package `ifpdf' (already loaded).
Package: etexcmds 2011/02/16 v1.5 Avoid name clashes with e-TeX commands (HO)
Package etexcmds Info: Could not find \expanded.
(etexcmds)             That can mean that you are not using pdfTeX 1.50 or
(etexcmds)             that some package has redefined \expanded.
(etexcmds)             In the latter case, load this package earlier.
Package: kvsetkeys 2012/04/25 v1.16 Key value parser (HO)
Package: kvdefinekeys 2011/04/07 v1.3 Define keys (HO)
Package: pdftexcmds 2011/11/29 v0.20 Utility functions of pdfTeX for LuaTeX (HO
)
Package pdftexcmds Info: LuaTeX not detected.
Package pdftexcmds Info: \pdf@primitive is available.
Package pdftexcmds Info: \pdf@ifprimitive is available.
Package pdftexcmds Info: \pdfdraftmode found.
Package: pdfescape 2011/11/25 v1.13 Implements pdfTeX's escape features (HO)
Package: bigintcalc 2012/04/08 v1.3 Expandable calculations on big integers (HO
)
Package: bitset 2011/01/30 v1.1 Handle bit-vector datatype (HO)
Package: uniquecounter 2011/01/30 v1.2 Provide unlimited unique counter (HO)
)
Package hobsub Info: Skipping package `hobsub' (already loaded).
Package: letltxmacro 2010/09/02 v1.4 Let assignment for LaTeX macros (HO)
Package: hopatch 2012/05/28 v1.2 Wrapper for package hooks (HO)
Package: xcolor-patch 2011/01/30 xcolor patch
Package: atveryend 2011/06/30 v1.8 Hooks at the very end of document (HO)
Package atveryend Info: \enddocument detected (standard20110627).
Package: atbegshi 2011/10/05 v1.16 At begin shipout hook (HO)
Package: refcount 2011/10/16 v3.4 Data extraction from label references (HO)
Package: hycolor 2011/01/30 v1.7 Color options for hyperref/bookmark (HO)
)
(/usr/local/texlive/2013/texmf-dist/tex/latex/oberdiek/auxhook.sty
Package: auxhook 2011/03/04 v1.3 Hooks for auxiliary files (HO)
)
(/usr/local/texlive/2013/texmf-dist/tex/latex/oberdiek/kvoptions.sty
Package: kvoptions 2011/06/30 v3.11 Key value format for package options (HO)
)
\@linkdim=\dimen111
\Hy@linkcounter=\count92
\Hy@pagecounter=\count93

(/usr/local/texlive/2013/texmf-dist/tex/latex/hyperref/pd1enc.def
File: pd1enc.def 2012/11/06 v6.83m Hyperref: PDFDocEncoding definition (HO)
)
\Hy@SavedSpaceFactor=\count94

(/usr/local/texlive/2013/texmf-dist/tex/latex/latexconfig/hyperref.cfg
File: hyperref.cfg 2002/06/06 v1.2 hyperref configuration of TeXLive
)
Package hyperref Info: Option `colorlinks' set `true' on input line 4319.
Package hyperref Info: Option `pdfusetitle' set `true' on input line 4319.
Package hyperref Info: Hyper figures OFF on input line 4443.
Package hyperref Info: Link nesting OFF on input line 4448.
Package hyperref Info: Hyper index ON on input line 4451.
Package hyperref Info: Plain pages OFF on input line 4458.
Package hyperref Info: Backreferencing OFF on input line 4463.
Package hyperref Info: Implicit mode ON; LaTeX internals redefined.
Package hyperref Info: Bookmarks ON on input line 4688.
\c@Hy@tempcnt=\count95

(/usr/local/texlive/2013/texmf-dist/tex/latex/url/url.sty
\Urlmuskip=\muskip10
Package: url 2006/04/12  ver 3.3  Verb mode for urls, etc.
)
LaTeX Info: Redefining \url on input line 5041.
\XeTeXLinkMargin=\dimen112
\Fld@menulength=\count96
\Field@Width=\dimen113
\Fld@charsize=\dimen114
Package hyperref Info: Hyper figures OFF on input line 6295.
Package hyperref Info: Link nesting OFF on input line 6300.
Package hyperref Info: Hyper index ON on input line 6303.
Package hyperref Info: backreferencing OFF on input line 6310.
Package hyperref Info: Link coloring ON on input line 6313.
Package hyperref Info: Link coloring with OCG OFF on input line 6320.
Package hyperref Info: PDF/A mode OFF on input line 6325.
LaTeX Info: Redefining \ref on input line 6365.
LaTeX Info: Redefining \pageref on input line 6369.
\Hy@abspage=\count97
\c@Item=\count98
\c@Hfootnote=\count99
)

Package hyperref Message: Driver (autodetected): hpdftex.

(/usr/local/texlive/2013/texmf-dist/tex/latex/hyperref/hpdftex.def
File: hpdftex.def 2012/11/06 v6.83m Hyperref driver for pdfTeX
\Fld@listcount=\count100
\c@bookmark@seq@number=\count101

(/usr/local/texlive/2013/texmf-dist/tex/latex/oberdiek/rerunfilecheck.sty
Package: rerunfilecheck 2011/04/15 v1.7 Rerun checks for auxiliary files (HO)
Package uniquecounter Info: New unique counter `rerunfilecheck' on input line 2
82.
)
\Hy@SectionHShift=\skip52
)
(/usr/local/texlive/2013/texmf-dist/tex/latex/oberdiek/pdflscape.sty
Package: pdflscape 2008/08/11 v0.10 Display of landscape pages in PDF (HO)

(/usr/local/texlive/2013/texmf-dist/tex/latex/graphics/lscape.sty
Package: lscape 2000/10/22 v3.01 Landscape Pages (DPC)

(/usr/local/texlive/2013/texmf-dist/tex/latex/graphics/graphics.sty
Package: graphics 2009/02/05 v1.0o Standard LaTeX Graphics (DPC,SPQR)

(/usr/local/texlive/2013/texmf-dist/tex/latex/graphics/trig.sty
Package: trig 1999/03/16 v1.09 sin cos tan (DPC)
)
(/usr/local/texlive/2013/texmf-dist/tex/latex/latexconfig/graphics.cfg
File: graphics.cfg 2010/04/23 v1.9 graphics configuration of TeX Live
)
Package graphics Info: Driver file: pdftex.def on input line 91.

(/usr/local/texlive/2013/texmf-dist/tex/latex/pdftex-def/pdftex.def
File: pdftex.def 2011/05/27 v0.06d Graphics/color for pdfTeX
\Gread@gobject=\count102
)))
Package pdflscape Info: Auto-detected driver: pdftex on input line 80.
)
(./aasmacros.sty)
(/usr/local/texlive/2013/texmf-dist/tex/latex/amsmath/amsmath.sty
Package: amsmath 2013/01/14 v2.14 AMS math features
\@mathmargin=\skip53

For additional information on amsmath, use the `?' option.
(/usr/local/texlive/2013/texmf-dist/tex/latex/amsmath/amstext.sty
Package: amstext 2000/06/29 v2.01

(/usr/local/texlive/2013/texmf-dist/tex/latex/amsmath/amsgen.sty
File: amsgen.sty 1999/11/30 v2.0
\@emptytoks=\toks16
\ex@=\dimen115
))
(/usr/local/texlive/2013/texmf-dist/tex/latex/amsmath/amsbsy.sty
Package: amsbsy 1999/11/29 v1.2d
\pmbraise@=\dimen116
)
(/usr/local/texlive/2013/texmf-dist/tex/latex/amsmath/amsopn.sty
Package: amsopn 1999/12/14 v2.01 operator names
)
\inf@bad=\count103
LaTeX Info: Redefining \frac on input line 210.
\uproot@=\count104
\leftroot@=\count105
LaTeX Info: Redefining \overline on input line 306.
\classnum@=\count106
\DOTSCASE@=\count107
LaTeX Info: Redefining \ldots on input line 378.
LaTeX Info: Redefining \dots on input line 381.
LaTeX Info: Redefining \cdots on input line 466.
\Mathstrutbox@=\box26
\strutbox@=\box27
\big@size=\dimen117
LaTeX Font Info:    Redeclaring font encoding OML on input line 566.
LaTeX Font Info:    Redeclaring font encoding OMS on input line 567.
\macc@depth=\count108
\c@MaxMatrixCols=\count109
\dotsspace@=\muskip11
\c@parentequation=\count110
\dspbrk@lvl=\count111
\tag@help=\toks17
\row@=\count112
\column@=\count113
\maxfields@=\count114
\andhelp@=\toks18
\eqnshift@=\dimen118
\alignsep@=\dimen119
\tagshift@=\dimen120
\tagwidth@=\dimen121
\totwidth@=\dimen122
\lineht@=\dimen123
\@envbody=\toks19
\multlinegap=\skip54
\multlinetaggap=\skip55
\mathdisplay@stack=\toks20
LaTeX Info: Redefining \[ on input line 2665.
LaTeX Info: Redefining \] on input line 2666.
)
(/usr/local/texlive/2013/texmf-dist/tex/latex/amsfonts/amssymb.sty
Package: amssymb 2013/01/14 v3.01 AMS font symbols

(/usr/local/texlive/2013/texmf-dist/tex/latex/amsfonts/amsfonts.sty
Package: amsfonts 2013/01/14 v3.01 Basic AMSFonts support
\symAMSa=\mathgroup4
\symAMSb=\mathgroup5
LaTeX Font Info:    Overwriting math alphabet `\mathfrak' in version `bold'
(Font)                  U/euf/m/n --> U/euf/b/n on input line 106.
))
(/usr/local/texlive/2013/texmf-dist/tex/latex/graphics/graphicx.sty
Package: graphicx 1999/02/16 v1.0f Enhanced LaTeX Graphics (DPC,SPQR)
\Gin@req@height=\dimen124
\Gin@req@width=\dimen125
)
(./mydeluxetable.sty
Package: mydeluxetable 
\pt@box=\box28
\pt@width=\dimen126
\pt@line=\count115
\pt@column=\count116
\pt@nlines=\count117
\pt@ncol=\count118
\pt@page=\count119
\pt@tmpcapwidth=\dimen127
)
(/usr/local/texlive/2013/texmf-dist/tex/latex/subfigure/subfigure.sty
Package: subfigure 2002/03/15 v2.1.5 subfigure package


Package subfigure Warning: Your document class has a bad definition
 of \endfigure, most likely
 \let\endfigure=\end@float
 which has now been changed to
 \def\endfigure{\end@float}
 because otherwise subsequent changes to \end@float
 (like done by several packages changing float behaviour)
 can't take effect on \endfigure.
 Please complain to your document class author.

\subfigtopskip=\skip56
\subfigcapskip=\skip57
\subfigcaptopadj=\dimen128
\subfigbottomskip=\skip58
\subfigcapmargin=\dimen129
\subfiglabelskip=\skip59
\c@subfigure=\count120
\c@lofdepth=\count121
\c@subtable=\count122
\c@lotdepth=\count123
****************************************
* Local config file subfigure.cfg used *
****************************************
(/usr/local/texlive/2013/texmf-dist/tex/latex/subfigure/subfigure.cfg)
\subfig@top=\skip60
\subfig@bottom=\skip61
)
(/usr/local/texlive/2013/texmf-dist/tex/latex/caption/caption.sty
Package: caption 2013/05/02 v3.3-89 Customizing captions (AR)

(/usr/local/texlive/2013/texmf-dist/tex/latex/caption/caption3.sty
Package: caption3 2013/05/02 v1.6-88 caption3 kernel (AR)
Package caption3 Info: TeX engine: e-TeX on input line 57.
\captionmargin=\dimen130
\captionmargin@=\dimen131
\captionwidth=\dimen132
\caption@tempdima=\dimen133
\caption@indent=\dimen134
\caption@parindent=\dimen135
\caption@hangindent=\dimen136
\abovecaptionskip=\skip62
\belowcaptionskip=\skip63
Package caption Info: Unknown document class (or package),
(caption)             standard defaults will be used.
)

Package caption Warning: Unsupported document class (or package) detected,
(caption)                usage of the caption package is not recommended.
See the caption package documentation for explanation.

Package caption Info: \@makecaption = \long macro:#1#2->\par \ifdim \prevdepth 
>-\p@ \vskip 10\p@ \relax \fi \setbox \@tempboxa \hbox {\vbox to\topskip {}{\sm
all \textit {#1}: #2}\unskip \strut }\ifdim \wd \@tempboxa >\hsize {\ssp {\smal
l \textit {#1}: #2}\unskip \strut \par } \else \hbox to\hsize {\hfil \unhbox \@
tempboxa \hfil }\fi .
\c@ContinuedFloat=\count124
Package caption Info: hyperref package is loaded.
Package caption Info: subfigure package is loaded.
) (/usr/local/texlive/2013/texmf-dist/tex/latex/fncychap/fncychap.sty
Package: fncychap 2007/07/30 v1.34 LaTeX package (Revised chapters)
\RW=\skip64
\mylen=\skip65
\myhi=\skip66
\px=\skip67
\py=\skip68
\pyy=\skip69
\pxx=\skip70
)
(/usr/local/texlive/2013/texmf-dist/tex/latex/float/float.sty
Package: float 2001/11/08 v1.3d Float enhancements (AL)
\c@float@type=\count125
\float@exts=\toks21
\float@box=\box29
\@float@everytoks=\toks22
\@floatcapt=\box30
)
(/usr/local/texlive/2013/texmf-dist/tex/latex/booktabs/booktabs.sty
Package: booktabs 2005/04/14 v1.61803 publication quality tables
\heavyrulewidth=\dimen137
\lightrulewidth=\dimen138
\cmidrulewidth=\dimen139
\belowrulesep=\dimen140
\belowbottomsep=\dimen141
\aboverulesep=\dimen142
\abovetopsep=\dimen143
\cmidrulesep=\dimen144
\cmidrulekern=\dimen145
\defaultaddspace=\dimen146
\@cmidla=\count126
\@cmidlb=\count127
\@aboverulesep=\dimen147
\@belowrulesep=\dimen148
\@thisruleclass=\count128
\@lastruleclass=\count129
\@thisrulewidth=\dimen149
)
(/usr/local/texlive/2013/texmf-dist/tex/latex/tools/array.sty
Package: array 2008/09/09 v2.4c Tabular extension package (FMi)
\col@sep=\dimen150
\extrarowheight=\dimen151
\NC@list=\toks23
\extratabsurround=\skip71
\backup@length=\skip72
) (./thesis.aux
(./setup.aux) (./chapters/chap1.aux) (./chapters/chap2.aux)
(./chapters/chap3.aux

LaTeX Warning: Label `fig:wbsto' multiply defined.

) (./chapters/chap4.aux

LaTeX Warning: Label `fig:titin' multiply defined.

) (./Appendices/AppendixA.aux) (./Appendices/AppendixB.aux)
(./Appendices/AppendixC.aux))
\openout1 = `thesis.aux'.

LaTeX Font Info:    Checking defaults for OML/cmm/m/it on input line 63.
LaTeX Font Info:    ... okay on input line 63.
LaTeX Font Info:    Checking defaults for T1/cmr/m/n on input line 63.
LaTeX Font Info:    ... okay on input line 63.
LaTeX Font Info:    Checking defaults for OT1/cmr/m/n on input line 63.
LaTeX Font Info:    ... okay on input line 63.
LaTeX Font Info:    Checking defaults for OMS/cmsy/m/n on input line 63.
LaTeX Font Info:    ... okay on input line 63.
LaTeX Font Info:    Checking defaults for OMX/cmex/m/n on input line 63.
LaTeX Font Info:    ... okay on input line 63.
LaTeX Font Info:    Checking defaults for U/cmr/m/n on input line 63.
LaTeX Font Info:    ... okay on input line 63.
LaTeX Font Info:    Checking defaults for PD1/pdf/m/n on input line 63.
LaTeX Font Info:    ... okay on input line 63.

*geometry* driver: auto-detecting
*geometry* detected driver: pdftex
*geometry* verbose mode - [ preamble ] result:
* driver: pdftex
* paper: letterpaper
* layout: <same size as paper>
* layoutoffset:(h,v)=(0.0pt,0.0pt)
* modes: includehead 
* h-part:(L,W,R)=(72.26999pt, 469.75502pt, 72.26999pt)
* v-part:(T,H,B)=(72.26999pt, 650.43001pt, 72.26999pt)
* \paperwidth=614.295pt
* \paperheight=794.96999pt
* \textwidth=469.75502pt
* \textheight=610.43001pt
* \oddsidemargin=0.0pt
* \evensidemargin=0.0pt
* \topmargin=0.0pt
* \headheight=15.0pt
* \headsep=25.0pt
* \topskip=12.0pt
* \footskip=30.0pt
* \marginparwidth=0.0pt
* \marginparsep=10.0pt
* \columnsep=10.0pt
* \skip\footins=10.8pt plus 4.0pt minus 2.0pt
* \hoffset=0.0pt
* \voffset=0.0pt
* \mag=1000
* \@twocolumnfalse
* \@twosidefalse
* \@mparswitchfalse
* \@reversemarginfalse
* (1in=72.27pt=25.4mm, 1cm=28.453pt)

\AtBeginShipoutBox=\box31
(/usr/local/texlive/2013/texmf-dist/tex/latex/graphics/color.sty
Package: color 2005/11/14 v1.0j Standard LaTeX Color (DPC)

(/usr/local/texlive/2013/texmf-dist/tex/latex/latexconfig/color.cfg
File: color.cfg 2007/01/18 v1.5 color configuration of teTeX/TeXLive
)
Package color Info: Driver file: pdftex.def on input line 130.
)
Package hyperref Info: Link coloring ON on input line 63.

(/usr/local/texlive/2013/texmf-dist/tex/latex/hyperref/nameref.sty
Package: nameref 2012/10/27 v2.43 Cross-referencing by name of section

(/usr/local/texlive/2013/texmf-dist/tex/generic/oberdiek/gettitlestring.sty
Package: gettitlestring 2010/12/03 v1.4 Cleanup title references (HO)
)
\c@section@level=\count130
)
LaTeX Info: Redefining \ref on input line 63.
LaTeX Info: Redefining \pageref on input line 63.
LaTeX Info: Redefining \nameref on input line 63.

(./thesis.out) (./thesis.out)
\@outlinefile=\write3
\openout3 = `thesis.out'.


(/usr/local/texlive/2013/texmf-dist/tex/context/base/supp-pdf.mkii
[Loading MPS to PDF converter (version 2006.09.02).]
\scratchcounter=\count131
\scratchdimen=\dimen152
\scratchbox=\box32
\nofMPsegments=\count132
\nofMParguments=\count133
\everyMPshowfont=\toks24
\MPscratchCnt=\count134
\MPscratchDim=\dimen153
\MPnumerator=\count135
\makeMPintoPDFobject=\count136
\everyMPtoPDFconversion=\toks25
) (/usr/local/texlive/2013/texmf-dist/tex/latex/oberdiek/epstopdf-base.sty
Package: epstopdf-base 2010/02/09 v2.5 Base part for package epstopdf

(/usr/local/texlive/2013/texmf-dist/tex/latex/oberdiek/grfext.sty
Package: grfext 2010/08/19 v1.1 Manage graphics extensions (HO)
)
Package grfext Info: Graphics extension search list:
(grfext)             [.png,.pdf,.jpg,.mps,.jpeg,.jbig2,.jb2,.PNG,.PDF,.JPG,.JPE
G,.JBIG2,.JB2,.eps]
(grfext)             \AppendGraphicsExtensions on input line 452.

(/usr/local/texlive/2013/texmf-dist/tex/latex/latexconfig/epstopdf-sys.cfg
File: epstopdf-sys.cfg 2010/07/13 v1.3 Configuration of (r)epstopdf for TeX Liv
e
))
Package caption Info: Begin \AtBeginDocument code.
Package caption Info: float package is loaded.
Package caption Info: End \AtBeginDocument code.
Package hyperref Info: Option `pageanchor' set `false' on input line 65.
\openout2 = `setup.aux'.


(./setup.tex) [1



{/usr/local/texlive/2013/texmf-var/fonts/map/pdftex/updmap/pdftex.map}] [2]
Underfull \hbox (badness 10000) in paragraph at lines 71--74

 []

[1]
Package hyperref Info: Option `pageanchor' set `true' on input line 76.
 [1] (./thesis.toc
LaTeX Font Info:    Try loading font information for U+msa on input line 6.

(/usr/local/texlive/2013/texmf-dist/tex/latex/amsfonts/umsa.fd
File: umsa.fd 2013/01/14 v3.01 AMS symbols A
)
LaTeX Font Info:    Try loading font information for U+msb on input line 6.

(/usr/local/texlive/2013/texmf-dist/tex/latex/amsfonts/umsb.fd
File: umsb.fd 2013/01/14 v3.01 AMS symbols B
) [2

]
Overfull \hbox (9.22382pt too wide) in paragraph at lines 32--32
 [][] [][][]\T1/cmr/m/n/12 Individual AT-Pase tails mod-u-late pep-ti-dase gate
 open-ing in a nucleotide- 
 []

[3])
\tf@toc=\write4
\openout4 = `thesis.toc'.

 [4] (./thesis.lof)
\tf@lof=\write5
\openout5 = `thesis.lof'.

 [5

] [6] (./thesis.lot)
\tf@lot=\write6
\openout6 = `thesis.lot'.

 [7

] [8

]
\openout2 = `./chapters/chap1.aux'.

 (./chapters/chap1.tex
Chapter 1.
LaTeX Font Info:    Try loading font information for T1+cmss on input line 3.
(/usr/local/texlive/2013/texmf-dist/tex/latex/base/t1cmss.fd
File: t1cmss.fd 1999/05/25 v2.5h Standard LaTeX font definitions
)
<figures/Chap1/protease_robyn.pdf, id=383, 943.60127pt x 567.2131pt>
File: figures/Chap1/protease_robyn.pdf Graphic file (type pdf)

<use figures/Chap1/protease_robyn.pdf>
Package pdftex.def Info: figures/Chap1/protease_robyn.pdf used on input line 22
.
(pdftex.def)             Requested size: 377.43382pt x 226.88121pt.
 [1


] [2 <./figures/Chap1/protease_robyn.pdf>]) [3]
\openout2 = `./chapters/chap2.aux'.

 (./chapters/chap2.tex
Chapter 2.
[4



] <figures/Chap2/vectors.pdf, id=3088, 1351.98105pt x 450.15979pt>
File: figures/Chap2/vectors.pdf Graphic file (type pdf)

<use figures/Chap2/vectors.pdf>
Package pdftex.def Info: figures/Chap2/vectors.pdf used on input line 27.
(pdftex.def)             Requested size: 432.64278pt x 144.05406pt.

<figures/Chap2/sizing.pdf, id=3089, 396.56458pt x 313.65782pt>
File: figures/Chap2/sizing.pdf Graphic file (type pdf)

<use figures/Chap2/sizing.pdf>
Package pdftex.def Info: figures/Chap2/sizing.pdf used on input line 40.
(pdftex.def)             Requested size: 237.94057pt x 188.19614pt.

<figures/Chap2/basegel.pdf, id=3090, 291.0875pt x 313.65782pt>
File: figures/Chap2/basegel.pdf Graphic file (type pdf)

<use figures/Chap2/basegel.pdf>
Package pdftex.def Info: figures/Chap2/basegel.pdf used on input line 44.
(pdftex.def)             Requested size: 174.65384pt x 188.19614pt.


LaTeX Warning: `!h' float specifier changed to `!ht'.

[5 <./figures/Chap2/vectors.pdf>] [6 <./figures/Chap2/sizing.pdf> <./figures/Ch
ap2/basegel.pdf

pdfTeX warning: /usr/texbin/pdflatex (file ./figures/Chap2/basegel.pdf): PDF in
clusion: multiple pdfs with page group included in a single page
>] <figures/Chap2/nativegel.pdf, id=3290, 439.6425pt x 473.77pt>
File: figures/Chap2/nativegel.pdf Graphic file (type pdf)

<use figures/Chap2/nativegel.pdf>
Package pdftex.def Info: figures/Chap2/nativegel.pdf used on input line 74.
(pdftex.def)             Requested size: 307.74765pt x 331.63673pt.

Underfull \hbox (badness 10000) in alignment at lines 88--97
[][][][][][][][][] 
 []

[7 <./figures/Chap2/nativegel.pdf>]
<figures/Chap2/deg.pdf, id=3331, 484.54929pt x 321.85445pt>
File: figures/Chap2/deg.pdf Graphic file (type pdf)

<use figures/Chap2/deg.pdf>
Package pdftex.def Info: figures/Chap2/deg.pdf used on input line 109.
(pdftex.def)             Requested size: 237.43121pt x 157.71005pt.

<figures/Chap2/mmdeg.pdf, id=3332, 410.53375pt x 321.85445pt>
File: figures/Chap2/mmdeg.pdf Graphic file (type pdf)

<use figures/Chap2/mmdeg.pdf>
Package pdftex.def Info: figures/Chap2/mmdeg.pdf used on input line 113.
(pdftex.def)             Requested size: 201.1633pt x 157.71005pt.
 [8 <./figures/Chap2/deg.pdf> <./figures/Chap2/mmdeg.pdf>] <figures/Chap2/gfpde
g.pdf, id=3427, 803.0pt x 1215.59149pt>
File: figures/Chap2/gfpdeg.pdf Graphic file (type pdf)

<use figures/Chap2/gfpdeg.pdf>
Package pdftex.def Info: figures/Chap2/gfpdeg.pdf used on input line 131.
(pdftex.def)             Requested size: 289.07977pt x 437.61261pt.

Overfull \vbox (17.18259pt too high) has occurred while \output is active []


[9 <./figures/Chap2/gfpdeg.pdf>]
<figures/Chap2/degcontrols.pdf, id=3474, 803.32121pt x 885.37373pt>
File: figures/Chap2/degcontrols.pdf Graphic file (type pdf)

<use figures/Chap2/degcontrols.pdf>
Package pdftex.def Info: figures/Chap2/degcontrols.pdf used on input line 147.
(pdftex.def)             Requested size: 361.49121pt x 398.4145pt.
 [10 <./figures/Chap2/degcontrols.pdf>]
Overfull \hbox (19.00452pt too wide) in paragraph at lines 167--168
\T1/cmr/m/n/12 Rpt1, Rpt2, His$[]$--Rpt3, Rpt4, Rpt5, Rpt6), pETDuet--1 (Rpn1, 
Rpn2, Rpn13), and pACYCDuet-
 []

[11] [12]) [13]
\openout2 = `./chapters/chap3.aux'.

 (./chapters/chap3.tex
Chapter 3.
[14



] [15]
<figures/Chap3/workingatpase.pdf, id=3661, 669.89873pt x 286.97012pt>
File: figures/Chap3/workingatpase.pdf Graphic file (type pdf)

<use figures/Chap3/workingatpase.pdf>
Package pdftex.def Info: figures/Chap3/workingatpase.pdf used on input line 38.

(pdftex.def)             Requested size: 469.75502pt x 201.23677pt.

Underfull \hbox (badness 10000) in alignment at lines 56--56
[][][][][][][][][] 
 []


Overfull \hbox (3.91571pt too wide) in paragraph at lines 38--60
 [][] 
 []


Overfull \hbox (7.83142pt too wide) in paragraph at lines 38--60
 [][] 
 []


LaTeX Warning: `!h' float specifier changed to `!ht'.

[16] <figures/Chap3/walkerbdeg.pdf, id=3670, 605.8655pt x 302.02435pt>
File: figures/Chap3/walkerbdeg.pdf Graphic file (type pdf)

<use figures/Chap3/walkerbdeg.pdf>
Package pdftex.def Info: figures/Chap3/walkerbdeg.pdf used on input line 72.
(pdftex.def)             Requested size: 278.70149pt x 138.93289pt.

<figures/Chap3/staircase.pdf, id=3671, 605.8655pt x 302.02435pt>
File: figures/Chap3/staircase.pdf Graphic file (type pdf)

<use figures/Chap3/staircase.pdf>
Package pdftex.def Info: figures/Chap3/staircase.pdf used on input line 76.
(pdftex.def)             Requested size: 278.70149pt x 138.93289pt.

Overfull \vbox (593.76248pt too high) has occurred while \output is active []


[17 <./figures/Chap3/workingatpase.pdf> <./figures/Chap3/walkerbdeg.pdf> <./fig
ures/Chap3/staircase.pdf>]
<figures/Chap3/wbpulldown.pdf, id=3781, 954.51907pt x 302.61555pt>
File: figures/Chap3/wbpulldown.pdf Graphic file (type pdf)

<use figures/Chap3/wbpulldown.pdf>
Package pdftex.def Info: figures/Chap3/wbpulldown.pdf used on input line 91.
(pdftex.def)             Requested size: 477.25836pt x 151.3074pt.

<figures/Chap3/wbnative.pdf, id=3782, 535.9764pt x 555.5475pt>
File: figures/Chap3/wbnative.pdf Graphic file (type pdf)

<use figures/Chap3/wbnative.pdf>
Package pdftex.def Info: figures/Chap3/wbnative.pdf used on input line 95.
(pdftex.def)             Requested size: 214.38675pt x 222.21506pt.

Overfull \hbox (11.41905pt too wide) in paragraph at lines 91--99
 [][] 
 []

<figures/Chap3/wbsto.pdf, id=3785, 444.66125pt x 307.1475pt>
File: figures/Chap3/wbsto.pdf Graphic file (type pdf)

<use figures/Chap3/wbsto.pdf>
Package pdftex.def Info: figures/Chap3/wbsto.pdf used on input line 112.
(pdftex.def)             Requested size: 333.49512pt x 230.36005pt.
 [18 <./figures/Chap3/wbpulldown.pdf> <./figures/Chap3/wbnative.pdf>] [19 <./fi
gures/Chap3/wbsto.pdf>]
Overfull \hbox (15.3583pt too wide) in paragraph at lines 136--136
[]\T1/cmr/m/n/12 Previous work on var-i-ous AAA+ un-foldases pro-posed that a c
on-served aromatic--hydrophobic
 []

[20] <figures/Chap3/pore1.pdf, id=4019, 394.28604pt x 362.9329pt>
File: figures/Chap3/pore1.pdf Graphic file (type pdf)

<use figures/Chap3/pore1.pdf>
Package pdftex.def Info: figures/Chap3/pore1.pdf used on input line 143.
(pdftex.def)             Requested size: 216.85799pt x 199.61371pt.

<figures/Chap3/pore2.pdf, id=4020, 394.28604pt x 362.9329pt>
File: figures/Chap3/pore2.pdf Graphic file (type pdf)

<use figures/Chap3/pore2.pdf>
Package pdftex.def Info: figures/Chap3/pore2.pdf used on input line 147.
(pdftex.def)             Requested size: 216.85799pt x 199.61371pt.
 [21 <./figures/Chap3/pore1.pdf> <./figures/Chap3/pore2.pdf>]

LaTeX Warning: Reference `pore2loops' on page 22 undefined on input line 162.

[22] <figures/Chap3/tailWApepstim.pdf, id=4141, 524.49551pt x 312.16624pt>
File: figures/Chap3/tailWApepstim.pdf Graphic file (type pdf)

<use figures/Chap3/tailWApepstim.pdf>
Package pdftex.def Info: figures/Chap3/tailWApepstim.pdf used on input line 178
.
(pdftex.def)             Requested size: 288.47342pt x 171.69196pt.

<figures/Chap3/taildeg.pdf, id=4142, 524.49448pt x 312.16624pt>
File: figures/Chap3/taildeg.pdf Graphic file (type pdf)

<use figures/Chap3/taildeg.pdf>
Package pdftex.def Info: figures/Chap3/taildeg.pdf used on input line 182.
(pdftex.def)             Requested size: 288.47284pt x 171.69196pt.
 [23]
<figures/Chap3/affinitycurves.pdf, id=4151, 796.43445pt x 768.52623pt>
File: figures/Chap3/affinitycurves.pdf Graphic file (type pdf)

<use figures/Chap3/affinitycurves.pdf>
Package pdftex.def Info: figures/Chap3/affinitycurves.pdf used on input line 20
2.
(pdftex.def)             Requested size: 438.0403pt x 422.69073pt.

<figures/Chap3/ntpulldowns.pdf, id=4152, 796.43445pt x 266.34004pt>
File: figures/Chap3/ntpulldowns.pdf Graphic file (type pdf)

<use figures/Chap3/ntpulldowns.pdf>
Package pdftex.def Info: figures/Chap3/ntpulldowns.pdf used on input line 219.
(pdftex.def)             Requested size: 438.0403pt x 146.48747pt.


LaTeX Warning: `!h' float specifier changed to `!ht'.

[24 <./figures/Chap3/tailWApepstim.pdf> <./figures/Chap3/taildeg.pdf>] [25 <./f
igures/Chap3/affinitycurves.pdf>] [26 <./figures/Chap3/ntpulldowns.pdf>]
[27]
Overfull \hbox (2.244pt too wide) in alignment at lines 245--286
[][][][][][][][][][][] 
 []


Overfull \vbox (7.76085pt too high) has occurred while \output is active []


[28] <figures/Chap3/model.pdf, id=4706, 614.295pt x 794.97pt>
File: figures/Chap3/model.pdf Graphic file (type pdf)

<use figures/Chap3/model.pdf>
Package pdftex.def Info: figures/Chap3/model.pdf used on input line 313.
(pdftex.def)             Requested size: 337.86328pt x 437.23485pt.
 [29] [30 <./figures/Chap3/model.pdf>] [31]
[32] [33]

LaTeX Warning: Reference `degcontrols' on page 34 undefined on input line 354.

) [34] [35]
\openout2 = `./chapters/chap4.aux'.

 (./chapters/chap4.tex
Chapter 4.
<figures/Chap4/titinconstructs.pdf, id=4792, 766.98544pt x 259.53864pt>
File: figures/Chap4/titinconstructs.pdf Graphic file (type pdf)

<use figures/Chap4/titinconstructs.pdf>
Package pdftex.def Info: figures/Chap4/titinconstructs.pdf used on input line 5
1.
(pdftex.def)             Requested size: 345.14026pt x 116.79129pt.

<figures/Chap4/titintablegel.pdf, id=4793, 975.59581pt x 458.28717pt>
File: figures/Chap4/titintablegel.pdf Graphic file (type pdf)

<use figures/Chap4/titintablegel.pdf>
Package pdftex.def Info: figures/Chap4/titintablegel.pdf used on input line 55.

(pdftex.def)             Requested size: 439.01407pt x 206.22731pt.
 [36



]
<figures/Chap4/titinstructure.pdf, id=4802, 846.21045pt x 409.50993pt>
File: figures/Chap4/titinstructure.pdf Graphic file (type pdf)

<use figures/Chap4/titinstructure.pdf>
Package pdftex.def Info: figures/Chap4/titinstructure.pdf used on input line 69
.
(pdftex.def)             Requested size: 423.10419pt x 204.75446pt.

<figures/Chap4/reactionscheme.pdf, id=4803, 678.57115pt x 517.9089pt>
File: figures/Chap4/reactionscheme.pdf Graphic file (type pdf)

<use figures/Chap4/reactionscheme.pdf>
Package pdftex.def Info: figures/Chap4/reactionscheme.pdf used on input line 73
.
(pdftex.def)             Requested size: 339.28474pt x 258.95381pt.
 [37 <./figures/Chap4/titinconstructs.pdf> <./figures/Chap4/titintablegel.pdf>]

<figures/Chap4/trpfluor.pdf, id=4870, 689.65253pt x 508.87616pt>
File: figures/Chap4/trpfluor.pdf Graphic file (type pdf)

<use figures/Chap4/trpfluor.pdf>
Package pdftex.def Info: figures/Chap4/trpfluor.pdf used on input line 88.
(pdftex.def)             Requested size: 422.77664pt x 311.96696pt.
 [38 <./figures/Chap4/titinstructure.pdf> <./figures/Chap4/reactionscheme.pdf>]
) [39 <./figures/Chap4/trpfluor.pdf>]
(./thesis.bbl [40


] [41] [42] [43] [44]) [45]
\openout2 = `./Appendices/AppendixA.aux'.

 (./Appendices/AppendixA.texpdfTeX warning (ext4): destination with the same id
entifier (name{chapter.1}) has been already used, duplicate ignored
<to be read again> 
                   \relax 
l.5 ...r{October 2013 \textit{NSMB} Journal Cover}
                                                  
Appendix A.
<figures/Misc/cover.jpg, id=5002, 441.65pt x 577.15625pt>
File: figures/Misc/cover.jpg Graphic file (type jpg)

<use figures/Misc/cover.jpg>
Package pdftex.def Info: figures/Misc/cover.jpg used on input line 14.
(pdftex.def)             Requested size: 198.74066pt x 259.71791pt.
LaTeX Font Info:    Try loading font information for OMS+cmr on input line 16.

(/usr/local/texlive/2013/texmf-dist/tex/latex/base/omscmr.fd
File: omscmr.fd 1999/05/25 v2.5h Standard LaTeX font definitions
)
LaTeX Font Info:    Font shape `OMS/cmr/m/n' in size <12> not available
(Font)              Font shape `OMS/cmsy/m/n' tried instead on input line 16.
) [46


 <./figures/Misc/cover.jpg>]
\openout2 = `./Appendices/AppendixB.aux'.

 (./Appendices/AppendixB.texpdfTeX warning (ext4): destination with the same id
entifier (name{chapter.2}) has been already used, duplicate ignored
<to be read again> 
                   \relax 
l.2 \chapter{Base Purification Protocol}
                                        
Appendix B.

Underfull \hbox (badness 10000) in paragraph at lines 31--32

 []


Underfull \hbox (badness 10000) in paragraph at lines 34--35

 []

[47



]
Underfull \hbox (badness 10000) in paragraph at lines 44--45

 []


Underfull \hbox (badness 10000) in paragraph at lines 55--56

 []


Underfull \hbox (badness 10000) in paragraph at lines 63--64

 []


Underfull \hbox (badness 10000) in paragraph at lines 72--73

 []


Underfull \hbox (badness 10000) in paragraph at lines 78--79

 []

[48]
Underfull \hbox (badness 10000) in paragraph at lines 97--98

 []

) [49]
\openout2 = `./Appendices/AppendixC.aux'.

 (./Appendices/AppendixC.texpdfTeX warning (ext4): destination with the same id
entifier (name{chapter.3}) has been already used, duplicate ignored
<to be read again> 
                   \relax 
l.5 \chapter{List of constructs}
                                
Appendix C.
) [50



]
Package atveryend Info: Empty hook `BeforeClearDocument' on input line 127.
Package atveryend Info: Empty hook `AfterLastShipout' on input line 127.
 (./thesis.aux (./setup.aux) (./chapters/chap1.aux) (./chapters/chap2.aux) (./c
hapters/chap3.aux) (./chapters/chap4.aux) (./Appendices/AppendixA.aux)
(./Appendices/AppendixB.aux) (./Appendices/AppendixC.aux))
Package atveryend Info: Executing hook `AtVeryEndDocument' on input line 127.
Package atveryend Info: Executing hook `AtEndAfterFileList' on input line 127.
Package rerunfilecheck Info: File `thesis.out' has not changed.
(rerunfilecheck)             Checksum: 448CD2A9A4CF4096210CDFD3605F0A9A;4752.


LaTeX Warning: There were undefined references.


LaTeX Warning: There were multiply-defined labels.

Package atveryend Info: Empty hook `AtVeryVeryEnd' on input line 127.
 ) 
Here is how much of TeX's memory you used:
 9551 strings out of 493315
 139837 string characters out of 6137904
 251099 words of memory out of 5000000
 12561 multiletter control sequences out of 15000+600000
 19684 words of font info for 53 fonts, out of 8000000 for 9000
 957 hyphenation exceptions out of 8191
 36i,13n,43p,2591b,551s stack positions out of 5000i,500n,10000p,200000b,80000s
{/usr/local/texlive/2013/texmf-dist/fonts/enc/dvips/cm-super/cm-super-t1.enc}
</usr/local/texlive/2013/texmf-dist/fonts/type1/public/amsfonts/cm/cmmi10.pfb><
/usr/local/texlive/2013/texmf-dist/fonts/type1/public/amsfonts/cm/cmmi12.pfb></
usr/local/texlive/2013/texmf-dist/fonts/type1/public/amsfonts/cm/cmmi7.pfb></us
r/local/texlive/2013/texmf-dist/fonts/type1/public/amsfonts/cm/cmmi8.pfb></usr/
local/texlive/2013/texmf-dist/fonts/type1/public/amsfonts/cm/cmr10.pfb></usr/lo
cal/texlive/2013/texmf-dist/fonts/type1/public/amsfonts/cm/cmr12.pfb></usr/loca
l/texlive/2013/texmf-dist/fonts/type1/public/amsfonts/cm/cmr7.pfb></usr/local/t
exlive/2013/texmf-dist/fonts/type1/public/amsfonts/cm/cmr8.pfb></usr/local/texl
ive/2013/texmf-dist/fonts/type1/public/amsfonts/cm/cmsy10.pfb></usr/local/texli
ve/2013/texmf-dist/fonts/type1/public/amsfonts/cm/cmsy7.pfb></usr/local/texlive
/2013/texmf-dist/fonts/type1/public/amsfonts/cm/cmsy8.pfb></usr/local/texlive/2
013/texmf-dist/fonts/type1/public/cm-super/sfbi1200.pfb></usr/local/texlive/201
3/texmf-dist/fonts/type1/public/cm-super/sfbi1728.pfb></usr/local/texlive/2013/
texmf-dist/fonts/type1/public/cm-super/sfbx1200.pfb></usr/local/texlive/2013/te
xmf-dist/fonts/type1/public/cm-super/sfbx1440.pfb></usr/local/texlive/2013/texm
f-dist/fonts/type1/public/cm-super/sfbx1728.pfb></usr/local/texlive/2013/texmf-
dist/fonts/type1/public/cm-super/sfrm1000.pfb></usr/local/texlive/2013/texmf-di
st/fonts/type1/public/cm-super/sfrm1200.pfb></usr/local/texlive/2013/texmf-dist
/fonts/type1/public/cm-super/sfrm1440.pfb></usr/local/texlive/2013/texmf-dist/f
onts/type1/public/cm-super/sfss1728.pfb></usr/local/texlive/2013/texmf-dist/fon
ts/type1/public/cm-super/sfss2488.pfb></usr/local/texlive/2013/texmf-dist/fonts
/type1/public/cm-super/sfti1000.pfb></usr/local/texlive/2013/texmf-dist/fonts/t
ype1/public/cm-super/sfti1200.pfb>
Output written on thesis.pdf (61 pages, 23718594 bytes).
PDF statistics:
 5147 PDF objects out of 5155 (max. 8388607)
 2746 compressed objects within 28 object streams
 212 named destinations out of 1000 (max. 500000)
 597 words of extra memory for PDF output out of 10000 (max. 10000000)

