\BOOKMARK [0][-]{Doc-Start}{Table of Contents}{}% 1
\BOOKMARK [0][-]{Doc-Start}{List of Figures}{}% 2
\BOOKMARK [0][-]{Doc-Start}{List of Tables}{}% 3
\BOOKMARK [0][-]{Doc-Start}{Acknowledgments}{}% 4
\BOOKMARK [0][-]{chapter.1}{Introduction}{}% 5
\BOOKMARK [1][-]{section.1.1}{The cellular roles and common architecture of ATP-dependent proteases}{chapter.1}% 6
\BOOKMARK [1][-]{section.1.2}{26S proteasome structure and assembly}{chapter.1}% 7
\BOOKMARK [1][-]{section.1.3}{Steps in substrate processing}{chapter.1}% 8
\BOOKMARK [1][-]{section.1.4}{AAA+ protein unfoldases}{chapter.1}% 9
\BOOKMARK [1][-]{section.1.5}{Subunit specialization in the heterohexameric AAA+ unfoldase of the proteasome}{chapter.1}% 10
\BOOKMARK [0][-]{chapter.2}{Heterologous expression of the base unfoldase}{}% 11
\BOOKMARK [1][-]{section.2.1}{Introduction}{chapter.2}% 12
\BOOKMARK [1][-]{section.2.2}{Results}{chapter.2}% 13
\BOOKMARK [2][-]{subsection.2.2.1}{Cloning, expression and purification of recombinant base}{section.2.2}% 14
\BOOKMARK [2][-]{subsection.2.2.2}{Reconstitution of functional 26S proteasome}{section.2.2}% 15
\BOOKMARK [1][-]{section.2.3}{Discussion}{chapter.2}% 16
\BOOKMARK [1][-]{section.2.4}{Materials and Methods}{chapter.2}% 17
\BOOKMARK [2][-]{subsection.2.4.1}{Cloning, expression and purification of recombinant base}{section.2.4}% 18
\BOOKMARK [2][-]{subsection.2.4.2}{Purification of endogenous yeast complexes}{section.2.4}% 19
\BOOKMARK [2][-]{subsection.2.4.3}{Yeast strains}{section.2.4}% 20
\BOOKMARK [2][-]{subsection.2.4.4}{Native gel electrophoresis}{section.2.4}% 21
\BOOKMARK [2][-]{subsection.2.4.5}{ATPase and peptidase stimulation assays}{section.2.4}% 22
\BOOKMARK [2][-]{subsection.2.4.6}{Gel-based substrate degradation assay}{section.2.4}% 23
\BOOKMARK [2][-]{subsection.2.4.7}{Fluorescent substrate degradation assay}{section.2.4}% 24
\BOOKMARK [0][-]{chapter.3}{Functional asymmetry of the proteasomal AAA+ unfoldase}{}% 25
\BOOKMARK [1][-]{section.3.1}{Introduction}{chapter.3}% 26
\BOOKMARK [1][-]{section.3.2}{Results}{chapter.3}% 27
\BOOKMARK [2][-]{subsection.3.2.1}{Distinct roles of individual ATPase subunits in substrate processing}{section.3.2}% 28
\BOOKMARK [2][-]{subsection.3.2.2}{Spiral staircase configuration of ATPase large AAA+ domains}{section.3.2}% 29
\BOOKMARK [2][-]{subsection.3.2.3}{Contribution of individual pore loops to substrate processing}{section.3.2}% 30
\BOOKMARK [2][-]{subsection.3.2.4}{HbYX-containing C-terminal ATPase tails mediate both peptidase binding and gate opening}{section.3.2}% 31
\BOOKMARK [2][-]{subsection.3.2.5}{Individual ATPase tails modulate peptidase gate opening in a nucleotide-independent manner}{section.3.2}% 32
\BOOKMARK [1][-]{section.3.3}{Discussion}{chapter.3}% 33
\BOOKMARK [1][-]{section.3.4}{Materials and Methods}{chapter.3}% 34
\BOOKMARK [2][-]{subsection.3.4.1}{Base mutagenesis and purification of base complexes}{section.3.4}% 35
\BOOKMARK [2][-]{subsection.3.4.2}{Mutation of conserved AAA+ motifs}{section.3.4}% 36
\BOOKMARK [2][-]{subsection.3.4.3}{Purification of endogenous yeast complexes}{section.3.4}% 37
\BOOKMARK [2][-]{subsection.3.4.4}{Yeast strains}{section.3.4}% 38
\BOOKMARK [2][-]{subsection.3.4.5}{ATPase and peptidase stimulation assays}{section.3.4}% 39
\BOOKMARK [2][-]{subsection.3.4.6}{ATPase repression and peptidase stimulation titrations}{section.3.4}% 40
\BOOKMARK [2][-]{subsection.3.4.7}{Fluorescent substrate degradation assay}{section.3.4}% 41
\BOOKMARK [2][-]{subsection.3.4.8}{Native gel electrophoresis}{section.3.4}% 42
\BOOKMARK [2][-]{subsection.3.4.9}{Affinity pulldowns}{section.3.4}% 43
\BOOKMARK [0][-]{chapter.4}{Substrate engagement and subunit communication}{}% 44
\BOOKMARK [1][-]{section.4.1}{Introduction}{chapter.4}% 45
\BOOKMARK [1][-]{section.4.2}{Results}{chapter.4}% 46
\BOOKMARK [2][-]{subsection.4.2.1}{Monitoring substrate engagement by the base unfoldase}{section.4.2}% 47
\BOOKMARK [2][-]{subsection.4.2.2}{Involvement of the arginine finger in subunit communication}{section.4.2}% 48
\BOOKMARK [1][-]{section.4.3}{Discussion}{chapter.4}% 49
\BOOKMARK [1][-]{section.4.4}{Materials and Methods}{chapter.4}% 50
\BOOKMARK [2][-]{subsection.4.4.1}{Cloning, expression and purification of titin concatemers}{section.4.4}% 51
\BOOKMARK [2][-]{subsection.4.4.2}{Labeling, carboxymethylation and ubiquitination of titin concatemers}{section.4.4}% 52
\BOOKMARK [2][-]{subsection.4.4.3}{Single and multiple turnover titin degradation assay}{section.4.4}% 53
\BOOKMARK [0][-]{subsection.4.4.3}{Bibliography}{}% 54
\BOOKMARK [0][-]{chapter.1}{October 2013 NSMB Journal Cover}{}% 55
\BOOKMARK [0][-]{chapter.2}{Base Purification Protocol}{}% 56
\BOOKMARK [0][-]{chapter.3}{List of constructs}{}% 57
